{
  "RSpec": {
    "coverage": {
      "/Users/alexsatur/Desktop/bookmark_manager/spec/features/adding_multiple_tage_spec.rb": [
        1,
        1,
        1,
        1,
        1,
        1,
        1,
        1,
        1,
        null,
        null
      ],
      "/Users/alexsatur/Desktop/bookmark_manager/spec/features/adding_tags_spec.rb": [
        1,
        null,
        1,
        1,
        1,
        1,
        1,
        1,
        1,
        1,
        null,
        null,
        null
      ],
      "/Users/alexsatur/Desktop/bookmark_manager/spec/features/creating_links_spec.rb": [
        1,
        1,
        1,
        1,
        1,
        1,
        1,
        1,
        1,
        null,
        null
      ],
      "/Users/alexsatur/Desktop/bookmark_manager/spec/features/filtering_links_spec.rb": [
        1,
        1,
        1,
        1,
        1,
        1,
        null,
        null,
        1,
        1,
        null,
        1,
        1,
        1,
        1,
        1,
        1,
        null,
        null,
        null
      ],
      "/Users/alexsatur/Desktop/bookmark_manager/spec/features/testing_infrastructure_spec.rb": [
        1,
        1,
        1,
        1,
        1,
        null,
        null
      ],
      "/Users/alexsatur/Desktop/bookmark_manager/spec/features/user_management_spec.rb": [
        1,
        1,
        2,
        1,
        1,
        null,
        null
      ],
      "/Users/alexsatur/Desktop/bookmark_manager/spec/features/viewing_links_spec.rb": [
        1,
        1,
        1,
        1,
        1,
        1,
        1,
        null,
        null,
        null
      ]
    },
    "timestamp": 1508947919
  }
}
