{
  "RSpec": {
    "coverage": {
      "/Users/alexsatur/Desktop/bookmark_manager/spec/features/creating_links_spec.rb": [
        1,
        1,
        1,
        1,
        1,
        1,
        1,
        1,
        1,
        null,
        null
      ],
      "/Users/alexsatur/Desktop/bookmark_manager/spec/features/testing_infrastructure_spec.rb": [
        1,
        1,
        1,
        1,
        1,
        null,
        null
      ],
      "/Users/alexsatur/Desktop/bookmark_manager/spec/features/viewing_links_spec.rb": [
        1,
        1,
        1,
        1,
        1,
        1,
        1,
        null,
        null,
        null
      ]
    },
    "timestamp": 1508860604
  }
}
